<?xml version="1.0" encoding="UTF-8"?>
<!-- Generated by org.testng.reporters.JUnitReportReporter -->
<testsuite hostname="MacBookPro" failures="0" tests="20" name="org.seleniumdocker.tests.FlightReservation.FlightReservationTests" time="211.730" errors="0" timestamp="2025-05-17T06:11:45 EDT" skipped="0">
  <testcase classname="org.seleniumdocker.tests.FlightReservation.FlightReservationTests" name="registrationConfirmationTest" time="10.274"/>
  <testcase classname="org.seleniumdocker.tests.FlightReservation.FlightReservationTests" name="userRegistrationTest" time="11.972"/>
  <testcase classname="org.seleniumdocker.tests.FlightReservation.FlightReservationTests" name="userRegistrationTest" time="11.972"/>
  <testcase classname="org.seleniumdocker.tests.FlightReservation.FlightReservationTests" name="selectFlightsTest" time="10.318"/>
  <testcase classname="org.seleniumdocker.tests.FlightReservation.FlightReservationTests" name="flightConfirmationTest" time="10.180"/>
  <testcase classname="org.seleniumdocker.tests.FlightReservation.FlightReservationTests" name="registrationConfirmationTest" time="10.291"/>
  <testcase classname="org.seleniumdocker.tests.FlightReservation.FlightReservationTests" name="registrationConfirmationTest" time="10.273"/>
  <testcase classname="org.seleniumdocker.tests.FlightReservation.FlightReservationTests" name="selectFlightsTest" time="10.318"/>
  <testcase classname="org.seleniumdocker.tests.FlightReservation.FlightReservationTests" name="flightConfirmationTest" time="10.175"/>
  <testcase classname="org.seleniumdocker.tests.FlightReservation.FlightReservationTests" name="userRegistrationTest" time="11.964"/>
  <testcase classname="org.seleniumdocker.tests.FlightReservation.FlightReservationTests" name="flightSearchTest" time="10.368"/>
  <testcase classname="org.seleniumdocker.tests.FlightReservation.FlightReservationTests" name="selectFlightsTest" time="10.325"/>
  <testcase classname="org.seleniumdocker.tests.FlightReservation.FlightReservationTests" name="selectFlightsTest" time="10.302"/>
  <testcase classname="org.seleniumdocker.tests.FlightReservation.FlightReservationTests" name="flightSearchTest" time="10.407"/>
  <testcase classname="org.seleniumdocker.tests.FlightReservation.FlightReservationTests" name="flightConfirmationTest" time="10.178"/>
  <testcase classname="org.seleniumdocker.tests.FlightReservation.FlightReservationTests" name="registrationConfirmationTest" time="10.203"/>
  <testcase classname="org.seleniumdocker.tests.FlightReservation.FlightReservationTests" name="flightSearchTest" time="10.407"/>
  <testcase classname="org.seleniumdocker.tests.FlightReservation.FlightReservationTests" name="flightConfirmationTest" time="10.180"/>
  <testcase classname="org.seleniumdocker.tests.FlightReservation.FlightReservationTests" name="userRegistrationTest" time="11.277"/>
  <testcase classname="org.seleniumdocker.tests.FlightReservation.FlightReservationTests" name="flightSearchTest" time="10.346"/>
</testsuite> <!-- org.seleniumdocker.tests.FlightReservation.FlightReservationTests -->
